1692796397897	geckodriver	INFO	Listening on 127.0.0.1:51314
1692796400965	mozrunner::runner	INFO	Running command: "C:\\Program Files\\Mozilla Firefox\\firefox.exe" "--marionette" "--remote-debugging-port" "51315" "--remote-allow-hosts" "localhost" "-no-remote" "-profile" "C:\\Windows\\Temp\\rust_mozprofileuZxGO4"
console.warn: services.settings: Ignoring preference override of remote settings server
console.warn: services.settings: Allow by setting MOZ_REMOTE_SETTINGS_DEVTOOLS=1 in the environment
1692796401427	Marionette	INFO	Marionette enabled
Dynamically enable window occlusion 0
1692796401539	Marionette	INFO	Listening on port 51326
WebDriver BiDi listening on ws://127.0.0.1:51315
Read port: 51326
1692796401834	RemoteAgent	WARN	TLS certificate errors will be ignored for this session
DevTools listening on ws://127.0.0.1:51315/devtools/browser/ca5e27e2-c78f-4519-a357-cf8918cfb9dc
[GFX1-]: RenderCompositorSWGL failed mapping default framebuffer, no dt
JavaScript warning: https://www.google.com/, line 20: Script terminated by timeout at:
m@https://www.google.com/:20:226

1692796415393	Marionette	INFO	Stopped listening on port 51326
Dynamically enable window occlusion 1
1692796481361	geckodriver	INFO	Listening on 127.0.0.1:51377
1692796484431	mozrunner::runner	INFO	Running command: "C:\\Program Files\\Mozilla Firefox\\firefox.exe" "--marionette" "--remote-debugging-port" "51378" "--remote-allow-hosts" "localhost" "-no-remote" "-profile" "C:\\Windows\\Temp\\rust_mozprofileOB0dgt"
console.warn: services.settings: Ignoring preference override of remote settings server
console.warn: services.settings: Allow by setting MOZ_REMOTE_SETTINGS_DEVTOOLS=1 in the environment
1692796484903	Marionette	INFO	Marionette enabled
Dynamically enable window occlusion 0
1692796484983	Marionette	INFO	Listening on port 51385
Read port: 51385
WebDriver BiDi listening on ws://127.0.0.1:51378
1692796485090	RemoteAgent	WARN	TLS certificate errors will be ignored for this session
DevTools listening on ws://127.0.0.1:51378/devtools/browser/546b430b-2b99-41ca-b801-ece78fb319f5
[GFX1-]: RenderCompositorSWGL failed mapping default framebuffer, no dt
1692796495465	Marionette	INFO	Stopped listening on port 51385
Dynamically enable window occlusion 1
1692796496689	geckodriver	INFO	Listening on 127.0.0.1:51413
1692796499748	mozrunner::runner	INFO	Running command: "C:\\Program Files\\Mozilla Firefox\\firefox.exe" "--marionette" "--remote-debugging-port" "51414" "--remote-allow-hosts" "localhost" "-no-remote" "-profile" "C:\\Windows\\Temp\\rust_mozprofilenujxD2"
console.warn: services.settings: Ignoring preference override of remote settings server
console.warn: services.settings: Allow by setting MOZ_REMOTE_SETTINGS_DEVTOOLS=1 in the environment
1692796500201	Marionette	INFO	Marionette enabled
Dynamically enable window occlusion 0
1692796500299	Marionette	INFO	Listening on port 51424
Read port: 51424
WebDriver BiDi listening on ws://127.0.0.1:51414
1692796500397	RemoteAgent	WARN	TLS certificate errors will be ignored for this session
DevTools listening on ws://127.0.0.1:51414/devtools/browser/42f5b741-aa65-433d-82a8-0eb1ec6038cb
[GFX1-]: RenderCompositorSWGL failed mapping default framebuffer, no dt
1692796505966	Marionette	INFO	Stopped listening on port 51424
Dynamically enable window occlusion 1
console.error: (new AbortError("IndexedDB: main/url-classifier-skip-urls list() IndexedDB:  execute() A request was aborted, for example through a call to IDBTransaction.abort.", "resource://services-settings/IDBHelpers.sys.mjs", 16))
[Parent 6564, IPC I/O Parent] WARNING: pipe error: 232: file /builds/worker/checkouts/gecko/ipc/chromium/src/chrome/common/ipc_channel_win.cc:443
1692796516369	geckodriver	INFO	Listening on 127.0.0.1:51452
1692796519427	mozrunner::runner	INFO	Running command: "C:\\Program Files\\Mozilla Firefox\\firefox.exe" "--marionette" "--remote-debugging-port" "51453" "--remote-allow-hosts" "localhost" "-no-remote" "-profile" "C:\\Windows\\Temp\\rust_mozprofileh5uURO"
console.warn: services.settings: Ignoring preference override of remote settings server
console.warn: services.settings: Allow by setting MOZ_REMOTE_SETTINGS_DEVTOOLS=1 in the environment
1692796519853	Marionette	INFO	Marionette enabled
Dynamically enable window occlusion 0
1692796519941	Marionette	INFO	Listening on port 51460
WebDriver BiDi listening on ws://127.0.0.1:51453
Read port: 51460
1692796520196	RemoteAgent	WARN	TLS certificate errors will be ignored for this session
DevTools listening on ws://127.0.0.1:51453/devtools/browser/7c4941b2-178e-4d69-9148-bf1e8680778a
JavaScript warning: https://www.google.com/xjs/_/js/k=xjs.s.ru.yK_nMfbOMqc.O/am=CAAAAAAAAABAAABEA-EQwAYwQAAACAAAAAEAFAAAAACAgggADAAEj3JJBkBAgBACCyAG1gCAEkoAAAAAAAj7AQAAAAAAHAABAAAKATAgBCgAAQAAAJAHAOABAAYTFgAAAAAAAAAAAEDAJQgGFyQAAgIgAAAAAAAAAAAAQCqZvBhA/d=1/ed=1/dg=2/rs=ACT90oGynO3O5RpUoj74_uAjP3JhZras0g/ee=cEt90b:ws9Tlc;qddgKe:x4FYXe,d7YSfd;yxTchf:KUM7Z;dtl0hd:lLQWFe;eHDfl:ofjVkb;qaS3gd:yiLg6e;nAFL3:NTMZac,s39S4;oGtAuc:sOXFj;iFQyKf:vfuNJf,QIhFr;SNUn3:ZwDk9d,x8cHvb;io8t5d:sgY6Zb;Oj465e:KG2eXe,KG2eXe;Erl4fe:FloWmf,FloWmf;JsbNhc:Xd8iUd;sP4Vbe:VwDzFe;kMFpHd:OTA3Ae;uY49fb:COQbmf;Pjplud:PoEs9b,EEDORb;QGR0gd:Mlhmy;a56pNe:JEfCwb;Me32dd:MEeYgc;wR5FRb:TtcOte,O1Gjze;pXdRYb:JKoKVe,MdUzUe;dIoSBb:ZgGg9b;EmZ2Bf:zr1jrb;NSEoX:lazG7b;eBAeSb:Ck63tb;WCEKNd:I46Hvd;wV5Pjc:L8KGxe;EVNhjf:pw70Gc;sTsDMc:kHVSUb;wQlYve:aLUfP;zOsCQe:Ko78Df;KcokUb:KiuZBf;YV5bee:IvPZ6d;kbAm9d:MkHyGd;ZWEUA:afR4Cf;g8nkx:U4MzKc;lzgfYb:PI40bd;w9w86d:dt4g2b;GleZL:J1A7Od;bcPXSc:gSZLJb;JXS8fb:Qj0suc;IoGlCf:b5lhvb;vfVwPd:OXTqFb;ESrPQc:mNTJvc;qavrXe:zQzcXe,mYbt1d;VGRfx:VFqbr;BjwMce:cXX2Wb;pNsl2d:j9Yuyc;R9Ulx:CR7Ufe;kY7VAf:d91TEb;KpRAue:Tia57b;jY0zg:Q6tNgc;l8Azde:j4Ca9b;oSUNyd:fTfGO,fTfGO,vjQg0b;SMDL4c:fTfGO,vjQg0b;aZ61od:arTwJ;ZrFutb:W4Cdfc;K8vqCc:MyIcle;NPKaK:SdcwHb;LBgRLc:XVMNvd,SdcwHb;rQSrae:C6D5Fc;kCQyJ:ueyPK;KQzWid:mB4wNe;EABSZ:MXZt9d;TxfV6d:YORN0b;UDrY1c:eps46d;F9mqte:UoRcbe;Nyt6ic:jn2sGd;w3bZCb:ZPGaIb;G0KhTb:LIaoZ;aAJE9c:WHW6Ef;V2HTTe:RolTY;Wfmdue:g3MJlb;imqimf:jKGL2e;BgS6mb:fidj5d;UVmjEd:EesRsb;z97YGf:oug9te;AfeaP:TkrAjf;eBZ5Nd:audvde;CxXAWb:YyRLvc;VN6jIc:ddQyuf;SLtqO:Kh1xYe;tosKvd:ZCqP3;VOcgDe:YquhTb;uuQkY:u2V3ud;WDGyFe:jcVOxd;trZL0b:qY8PFe;VxQ32b:k0XsBb;DULqB:RKfG5c;Np8Qkd:Dpx6qc;cFTWae:gT8qnd;gaub4:TN6bMe;xBbsrc:NEW1Qc;DpcR3d:zL72xf;hjRo6e:F62sG;yGxLoc:FmAr0c;oUlnpc:RagDlc;R2kc8b:ALJqWb;pj82le:mg5CW;dLlj2:Qqt3Gf;qGV2uc:HHi04c;gtVSi:ekUOYd;UyG7Kb:wQd0G;LsNahb:ucGLNb;xbe2wc:wbTLEd;Q1Ow7b:x5CSu;okUaUd:wItadb;G6wU6e:hezEbd;uknmt:GkPrzb;PqHfGe:im2cZe;Fmv9Nc:O1Tzwc;hK67qb:QWEO5b;BMxAGc:E5bFse;R4IIIb:QWfeKf;whEZac:F4AmNb;tH4IIe:Ymry6;zxnPse:GkRiKb;xqZiqf:wmnU7d;lkq0A:Z0MWEf;daB6be:lMxGPd;U96pRd:FsR04;LEikZe:byfTOb,lsjVmc/m=cdos,cr,hsm,jsa,mb4ZUb,d,csi,cEt90b,SNUn3,qddgKe,sTsDMc,dtl0hd,eHDfl, line 413: Script terminated by timeout at:
b@https://www.google.com/xjs/_/js/k=xjs.s.ru.yK_nMfbOMqc.O/am=CAAAAAAAAABAAABEA-EQwAYwQAAACAAAAAEAFAAAAACAgggADAAEj3JJBkBAgBACCyAG1gCAEkoAAAAAAAj7AQAAAAAAHAABAAAKATAgBCgAAQAAAJAHAOABAAYTFgAAAAAAAAAAAEDAJQgGFyQAAgIgAAAAAAAAAAAAQCqZvBhA/d=1/ed=1/dg=2/rs=ACT90oGynO3O5RpUoj74_uAjP3JhZras0g/ee=cEt90b:ws9Tlc;qddgKe:x4FYXe,d7YSfd;yxTchf:KUM7Z;dtl0hd:lLQWFe;eHDfl:ofjVkb;qaS3gd:yiLg6e;nAFL3:NTMZac,s39S4;oGtAuc:sOXFj;iFQyKf:vfuNJf,QIhFr;SNUn3:ZwDk9d,x8cHvb;io8t5d:sgY6Zb;Oj465e:KG2eXe,KG2eXe;Erl4fe:FloWmf,FloWmf;JsbNhc:Xd8iUd;sP4Vbe:VwDzFe;kMFpHd:OTA3Ae;uY49fb:COQbmf;Pjplud:PoEs9b,EEDORb;QGR0gd:Mlhmy;a56pNe:JEfCwb;Me32dd:MEeYgc;wR5FRb:TtcOte,O1Gjze;pXdRYb:JKoKVe,MdUzUe;dIoSBb:ZgGg9b;EmZ2Bf:zr1jrb;NSEoX:lazG7b;eBAeSb:Ck63tb;WCEKNd:I46Hvd;wV5Pjc:L8KGxe;EVNhjf:pw70Gc;sTsDMc:kHVSUb;wQlYve:aLUfP;zOsCQe:Ko78Df;KcokUb:KiuZBf;YV5bee:IvPZ6d;kbAm9d:MkHyGd;ZWEUA:afR4Cf;g8nkx:U4MzKc;lzgfYb:PI40bd;w9w86d:dt4g2b;GleZL:J1A7Od;bcPXSc:gSZLJb;JXS8fb:Qj0suc;IoGlCf:b5lhvb;vfVwPd:OXTqFb;ESrPQc:mNTJvc;qavrXe:zQzcXe,mYbt1d;VGRfx:VFqbr;BjwMce:cXX2Wb;pNsl2d:j9Yuyc;R9Ulx:CR7Ufe;kY7VAf:d91TEb;KpRAue:Tia57b;jY0zg:Q6tNgc;l8Azde:j4Ca9b;oSUNyd:fTfGO,fTfGO,vjQg0b;SMDL4c:fTfGO,vjQg0b;aZ61od:arTwJ;ZrFutb:W4Cdfc;K8vqCc:MyIcle;NPKaK:SdcwHb;LBgRLc:XVMNvd,SdcwHb;rQSrae:C6D5Fc;kCQyJ:ueyPK;KQzWid:mB4wNe;EABSZ:MXZt9d;TxfV6d:YORN0b;UDrY1c:eps46d;F9mqte:UoRcbe;Nyt6ic:jn2sGd;w3bZCb:ZPGaIb;G0KhTb:LIaoZ;aAJE9c:WHW6Ef;V2HTTe:RolTY;Wfmdue:g3MJlb;imqimf:jKGL2e;BgS6mb:fidj5d;UVmjEd:EesRsb;z97YGf:oug9te;AfeaP:TkrAjf;eBZ5Nd:audvde;CxXAWb:YyRLvc;VN6jIc:ddQyuf;SLtqO:Kh1xYe;tosKvd:ZCqP3;VOcgDe:YquhTb;uuQkY:u2V3ud;WDGyFe:jcVOxd;trZL0b:qY8PFe;VxQ32b:k0XsBb;DULqB:RKfG5c;Np8Qkd:Dpx6qc;cFTWae:gT8qnd;gaub4:TN6bMe;xBbsrc:NEW1Qc;DpcR3d:zL72xf;hjRo6e:F62sG;yGxLoc:FmAr0c;oUlnpc:RagDlc;R2kc8b:ALJqWb;pj82le:mg5CW;dLlj2:Qqt3Gf;qGV2uc:HHi04c;gtVSi:ekUOYd;UyG7Kb:wQd0G;LsNahb:ucGLNb;xbe2wc:wbTLEd;Q1Ow7b:x5CSu;okUaUd:wItadb;G6wU6e:hezEbd;uknmt:GkPrzb;PqHfGe:im2cZe;Fmv9Nc:O1Tzwc;hK67qb:QWEO5b;BMxAGc:E5bFse;R4IIIb:QWfeKf;whEZac:F4AmNb;tH4IIe:Ymry6;zxnPse:GkRiKb;xqZiqf:wmnU7d;lkq0A:Z0MWEf;daB6be:lMxGPd;U96pRd:FsR04;LEikZe:byfTOb,lsjVmc/m=cdos,cr,hsm,jsa,mb4ZUb,d,csi,cEt90b,SNUn3,qddgKe,sTsDMc,dtl0hd,eHDfl:413:40

[GFX1-]: RenderCompositorSWGL failed mapping default framebuffer, no dt
1692796529126	Marionette	INFO	Stopped listening on port 51460
Dynamically enable window occlusion 1
1692796535923	geckodriver	INFO	Listening on 127.0.0.1:51499
1692796538976	mozrunner::runner	INFO	Running command: "C:\\Program Files\\Mozilla Firefox\\firefox.exe" "--marionette" "--remote-debugging-port" "51500" "--remote-allow-hosts" "localhost" "-no-remote" "-profile" "C:\\Windows\\Temp\\rust_mozprofilefaXR59"
console.warn: services.settings: Ignoring preference override of remote settings server
console.warn: services.settings: Allow by setting MOZ_REMOTE_SETTINGS_DEVTOOLS=1 in the environment
1692796539523	Marionette	INFO	Marionette enabled
Dynamically enable window occlusion 0
1692796539647	Marionette	INFO	Listening on port 51507
WebDriver BiDi listening on ws://127.0.0.1:51500
Read port: 51507
1692796540067	RemoteAgent	WARN	TLS certificate errors will be ignored for this session
DevTools listening on ws://127.0.0.1:51500/devtools/browser/d8862a85-97c2-425d-a231-34882c7da0ca
1692796547905	Marionette	INFO	Stopped listening on port 51507
JavaScript warning: https://www.google.com/xjs/_/js/k=xjs.s.ru.yK_nMfbOMqc.O/am=CAAAAAAAAABAAABEA-EQwAYwQAAACAAAAAEAFAAAAACAgggBDAAEj3JJBkBAgBACCyAG1gCAEkoAAAAAAAj7AQAAAAAAHAABAAAKATAgBCgAAQAAAJAHAOABAAYTFgAAAAAAAAAAAEDAJQgGFyQAAgIgAAAAAAAAAAAAQCqZvBhA/d=1/ed=1/dg=2/rs=ACT90oF0b0BS_UTtFSHMqH33-NzGdwCzwQ/ee=cEt90b:ws9Tlc;qddgKe:x4FYXe,d7YSfd;yxTchf:KUM7Z;dtl0hd:lLQWFe;eHDfl:ofjVkb;qaS3gd:yiLg6e;nAFL3:NTMZac,s39S4;oGtAuc:sOXFj;iFQyKf:vfuNJf,QIhFr;SNUn3:ZwDk9d,x8cHvb;io8t5d:sgY6Zb;Oj465e:KG2eXe,KG2eXe;Erl4fe:FloWmf,FloWmf;JsbNhc:Xd8iUd;sP4Vbe:VwDzFe;kMFpHd:OTA3Ae;uY49fb:COQbmf;Pjplud:PoEs9b,EEDORb;QGR0gd:Mlhmy;a56pNe:JEfCwb;Me32dd:MEeYgc;wR5FRb:TtcOte,O1Gjze;pXdRYb:JKoKVe,MdUzUe;dIoSBb:ZgGg9b;EmZ2Bf:zr1jrb;NSEoX:lazG7b;eBAeSb:Ck63tb;WCEKNd:I46Hvd;wV5Pjc:L8KGxe;EVNhjf:pw70Gc;sTsDMc:kHVSUb;wQlYve:aLUfP;zOsCQe:Ko78Df;KcokUb:KiuZBf;YV5bee:IvPZ6d;kbAm9d:MkHyGd;ZWEUA:afR4Cf;g8nkx:U4MzKc;lzgfYb:PI40bd;w9w86d:dt4g2b;GleZL:J1A7Od;bcPXSc:gSZLJb;JXS8fb:Qj0suc;IoGlCf:b5lhvb;vfVwPd:OXTqFb;ESrPQc:mNTJvc;qavrXe:zQzcXe,mYbt1d;VGRfx:VFqbr;BjwMce:cXX2Wb;pNsl2d:j9Yuyc;R9Ulx:CR7Ufe;kY7VAf:d91TEb;KpRAue:Tia57b;jY0zg:Q6tNgc;l8Azde:j4Ca9b;oSUNyd:fTfGO,fTfGO,vjQg0b;SMDL4c:fTfGO,vjQg0b;aZ61od:arTwJ;ZrFutb:W4Cdfc;K8vqCc:MyIcle;NPKaK:SdcwHb;LBgRLc:XVMNvd,SdcwHb;rQSrae:C6D5Fc;kCQyJ:ueyPK;KQzWid:mB4wNe;EABSZ:MXZt9d;TxfV6d:YORN0b;UDrY1c:eps46d;F9mqte:UoRcbe;Nyt6ic:jn2sGd;w3bZCb:ZPGaIb;G0KhTb:LIaoZ;aAJE9c:WHW6Ef;V2HTTe:RolTY;Wfmdue:g3MJlb;imqimf:jKGL2e;BgS6mb:fidj5d;UVmjEd:EesRsb;z97YGf:oug9te;AfeaP:TkrAjf;eBZ5Nd:audvde;CxXAWb:YyRLvc;VN6jIc:ddQyuf;SLtqO:Kh1xYe;tosKvd:ZCqP3;VOcgDe:YquhTb;uuQkY:u2V3ud;WDGyFe:jcVOxd;trZL0b:qY8PFe;VxQ32b:k0XsBb;DULqB:RKfG5c;Np8Qkd:Dpx6qc;cFTWae:gT8qnd;gaub4:TN6bMe;xBbsrc:NEW1Qc;DpcR3d:zL72xf;hjRo6e:F62sG;yGxLoc:FmAr0c;oUlnpc:RagDlc;R2kc8b:ALJqWb;pj82le:mg5CW;dLlj2:Qqt3Gf;qGV2uc:HHi04c;gtVSi:ekUOYd;UyG7Kb:wQd0G;LsNahb:ucGLNb;xbe2wc:wbTLEd;Q1Ow7b:x5CSu;okUaUd:wItadb;G6wU6e:hezEbd;uknmt:GkPrzb;PqHfGe:im2cZe;Fmv9Nc:O1Tzwc;hK67qb:QWEO5b;BMxAGc:E5bFse;R4IIIb:QWfeKf;whEZac:F4AmNb;tH4IIe:Ymry6;zxnPse:GkRiKb;xqZiqf:wmnU7d;lkq0A:Z0MWEf;daB6be:lMxGPd;U96pRd:FsR04;LEikZe:byfTOb,lsjVmc/m=cdos,cr,hsm,jsa,mb4ZUb,d,csi,cEt90b,SNUn3,qddgKe,sTsDMc,dtl0hd,eHDfl, line 673: Script terminated by timeout at:
_.ce.prototype.hy@https://www.google.com/xjs/_/js/k=xjs.s.ru.yK_nMfbOMqc.O/am=CAAAAAAAAABAAABEA-EQwAYwQAAACAAAAAEAFAAAAACAgggBDAAEj3JJBkBAgBACCyAG1gCAEkoAAAAAAAj7AQAAAAAAHAABAAAKATAgBCgAAQAAAJAHAOABAAYTFgAAAAAAAAAAAEDAJQgGFyQAAgIgAAAAAAAAAAAAQCqZvBhA/d=1/ed=1/dg=2/rs=ACT90oF0b0BS_UTtFSHMqH33-NzGdwCzwQ/ee=cEt90b:ws9Tlc;qddgKe:x4FYXe,d7YSfd;yxTchf:KUM7Z;dtl0hd:lLQWFe;eHDfl:ofjVkb;qaS3gd:yiLg6e;nAFL3:NTMZac,s39S4;oGtAuc:sOXFj;iFQyKf:vfuNJf,QIhFr;SNUn3:ZwDk9d,x8cHvb;io8t5d:sgY6Zb;Oj465e:KG2eXe,KG2eXe;Erl4fe:FloWmf,FloWmf;JsbNhc:Xd8iUd;sP4Vbe:VwDzFe;kMFpHd:OTA3Ae;uY49fb:COQbmf;Pjplud:PoEs9b,EEDORb;QGR0gd:Mlhmy;a56pNe:JEfCwb;Me32dd:MEeYgc;wR5FRb:TtcOte,O1Gjze;pXdRYb:JKoKVe,MdUzUe;dIoSBb:ZgGg9b;EmZ2Bf:zr1jrb;NSEoX:lazG7b;eBAeSb:Ck63tb;WCEKNd:I46Hvd;wV5Pjc:L8KGxe;EVNhjf:pw70Gc;sTsDMc:kHVSUb;wQlYve:aLUfP;zOsCQe:Ko78Df;KcokUb:KiuZBf;YV5bee:IvPZ6d;kbAm9d:MkHyGd;ZWEUA:afR4Cf;g8nkx:U4MzKc;lzgfYb:PI40bd;w9w86d:dt4g2b;GleZL:J1A7Od;bcPXSc:gSZLJb;JXS8fb:Qj0suc;IoGlCf:b5lhvb;vfVwPd:OXTqFb;ESrPQc:mNTJvc;qavrXe:zQzcXe,mYbt1d;VGRfx:VFqbr;BjwMce:cXX2Wb;pNsl2d:j9Yuyc;R9Ulx:CR7Ufe;kY7VAf:d91TEb;KpRAue:Tia57b;jY0zg:Q6tNgc;l8Azde:j4Ca9b;oSUNyd:fTfGO,fTfGO,vjQg0b;SMDL4c:fTfGO,vjQg0b;aZ61od:arTwJ;ZrFutb:W4Cdfc;K8vqCc:MyIcle;NPKaK:SdcwHb;LBgRLc:XVMNvd,SdcwHb;rQSrae:C6D5Fc;kCQyJ:ueyPK;KQzWid:mB4wNe;EABSZ:MXZt9d;TxfV6d:YORN0b;UDrY1c:eps46d;F9mqte:UoRcbe;Nyt6ic:jn2sGd;w3bZCb:ZPGaIb;G0KhTb:LIaoZ;aAJE9c:WHW6Ef;V2HTTe:RolTY;Wfmdue:g3MJlb;imqimf:jKGL2e;BgS6mb:fidj5d;UVmjEd:EesRsb;z97YGf:oug9te;AfeaP:TkrAjf;eBZ5Nd:audvde;CxXAWb:YyRLvc;VN6jIc:ddQyuf;SLtqO:Kh1xYe;tosKvd:ZCqP3;VOcgDe:YquhTb;uuQkY:u2V3ud;WDGyFe:jcVOxd;trZL0b:qY8PFe;VxQ32b:k0XsBb;DULqB:RKfG5c;Np8Qkd:Dpx6qc;cFTWae:gT8qnd;gaub4:TN6bMe;xBbsrc:NEW1Qc;DpcR3d:zL72xf;hjRo6e:F62sG;yGxLoc:FmAr0c;oUlnpc:RagDlc;R2kc8b:ALJqWb;pj82le:mg5CW;dLlj2:Qqt3Gf;qGV2uc:HHi04c;gtVSi:ekUOYd;UyG7Kb:wQd0G;LsNahb:ucGLNb;xbe2wc:wbTLEd;Q1Ow7b:x5CSu;okUaUd:wItadb;G6wU6e:hezEbd;uknmt:GkPrzb;PqHfGe:im2cZe;Fmv9Nc:O1Tzwc;hK67qb:QWEO5b;BMxAGc:E5bFse;R4IIIb:QWfeKf;whEZac:F4AmNb;tH4IIe:Ymry6;zxnPse:GkRiKb;xqZiqf:wmnU7d;lkq0A:Z0MWEf;daB6be:lMxGPd;U96pRd:FsR04;LEikZe:byfTOb,lsjVmc/m=cdos,cr,hsm,jsa,mb4ZUb,d,csi,cEt90b,SNUn3,qddgKe,sTsDMc,dtl0hd,eHDfl:673:27
DCq@https://www.google.com/xjs/_/js/k=xjs.s.ru.yK_nMfbOMqc.O/ck=xjs.s.HuW6EPr19TU.L.F4.O/am=CAAAAAAAAABAAABEA-EQwAYwQAAACAAAAAEAFAAAAACAgggBDAAEj3JJBkBAgBACCyAG1gCAEkoAAAAAAAj7AQAAAAAAHAABAAAKATAgBCgAAQAAAJAHAOABAAYTFgAAAAAAAAAAAEDAJQgGFyQAAgIgAAAAAAAAAAAAQCqZvBhA/d=1/exm=SNUn3,cEt90b,cdos,cr,csi,d,dtl0hd,eHDfl,hsm,jsa,mb4ZUb,qddgKe,sTsDMc/ed=1/dg=2/rs=ACT90oFLGiXSq3kKOHI2kenHGiCl7mtr1g/ee=AfeaP:TkrAjf;BMxAGc:E5bFse;BgS6mb:fidj5d;BjwMce:cXX2Wb;CxXAWb:YyRLvc;DULqB:RKfG5c;DpcR3d:zL72xf;EABSZ:MXZt9d;ESrPQc:mNTJvc;EVNhjf:pw70Gc;EmZ2Bf:zr1jrb;Erl4fe:FloWmf;F9mqte:UoRcbe;Fmv9Nc:O1Tzwc;G0KhTb:LIaoZ;G6wU6e:hezEbd;GleZL:J1A7Od;IoGlCf:b5lhvb;JXS8fb:Qj0suc;JsbNhc:Xd8iUd;K8vqCc:MyIcle;KQzWid:mB4wNe;KcokUb:KiuZBf;KpRAue:Tia57b;LBgRLc:SdcwHb,XVMNvd;LEikZe:byfTOb,lsjVmc;LsNahb:ucGLNb;Me32dd:MEeYgc;NPKaK:SdcwHb;NSEoX:lazG7b;Np8Qkd:Dpx6qc;Nyt6ic:jn2sGd;Oj465e:KG2eXe;Pjplud:EEDORb,PoEs9b;PqHfGe:im2cZe;Q1Ow7b:x5CSu;QGR0gd:Mlhmy;R2kc8b:ALJqWb;R4IIIb:QWfeKf;R9Ulx:CR7Ufe;SLtqO:Kh1xYe;SMDL4c:fTfGO,vjQg0b;SNUn3:ZwDk9d,x8cHvb;TxfV6d:YORN0b;U96pRd:FsR04;UDrY1c:eps46d;UVmjEd:EesRsb;UyG7Kb:wQd0G;V2HTTe:RolTY;VGRfx:VFqbr;VN6jIc:ddQyuf;VOcgDe:YquhTb;VxQ32b:k0XsBb;WCEKNd:I46Hvd;WDGyFe:jcVOxd;Wfmdue:g3MJlb;YV5bee:IvPZ6d;ZWEUA:afR4Cf;ZrFutb:W4Cdfc;a56pNe:JEfCwb;aAJE9c:WHW6Ef;aZ61od:arTwJ;bcPXSc:gSZLJb;cEt90b:ws9Tlc;cFTWae:gT8qnd;dIoSBb:ZgGg9b;dLlj2:Qqt3Gf;daB6be:lMxGPd;dtl0hd:lLQWFe;eBAeSb:Ck63tb;eBZ5Nd:audvde;eHDfl:ofjVkb;g8nkx:U4MzKc;gaub4:TN6bMe;gtVSi:ekUOYd;hK67qb:QWEO5b;hjRo6e:F62sG;iFQyKf:QIhFr,vfuNJf;imqimf:jKGL2e;io8t5d:sgY6Zb;jY0zg:Q6tNgc;kCQyJ:ueyPK;kMFpHd:OTA3Ae;kY7VAf:d91TEb;kbAm9d:MkHyGd;l8Azde:j4Ca9b;lkq0A:Z0MWEf;lzgfYb:PI40bd;nAFL3:NTMZac,s39S4;oGtAuc:sOXFj;oSUNyd:fTfGO,vjQg0b;oUlnpc:RagDlc;okUaUd:wItadb;pNsl2d:j9Yuyc;pXdRYb:JKoKVe,MdUzUe;pj82le:mg5CW;qGV2uc:HHi04c;qaS3gd:yiLg6e;qavrXe:mYbt1d,zQzcXe;qddgKe:d7YSfd,x4FYXe;rQSrae:C6D5Fc;sP4Vbe:VwDzFe;sTsDMc:kHVSUb;tH4IIe:Ymry6;tosKvd:ZCqP3;trZL0b:qY8PFe;uY49fb:COQbmf;uknmt:GkPrzb;uuQkY:u2V3ud;vfVwPd:OXTqFb;w3bZCb:ZPGaIb;w9w86d:dt4g2b;wQlYve:aLUfP;wR5FRb:O1Gjze,TtcOte;wV5Pjc:L8KGxe;whEZac:F4AmNb;xBbsrc:NEW1Qc;xbe2wc:wbTLEd;xqZiqf:wmnU7d;yGxLoc:FmAr0c;yxTchf:KUM7Z;z97YGf:oug9te;zOsCQe:Ko78Df;zxnPse:GkRiKb/m=DhPYme,EkevXb,GU4Gab,MpJwZc,NzU6V,UUJqVe,aa,abd,async,epYOx,loL8vb,ms4mZb,mu,pHXghd,q0xTif,s39S4,sOXFj,sb_wiz,sf?xjs=s1:16:77
ECq/<@https://www.google.com/xjs/_/js/k=xjs.s.ru.yK_nMfbOMqc.O/ck=xjs.s.HuW6EPr19TU.L.F4.O/am=CAAAAAAAAABAAABEA-EQwAYwQAAACAAAAAEAFAAAAACAgggBDAAEj3JJBkBAgBACCyAG1gCAEkoAAAAAAAj7AQAAAAAAHAABAAAKATAgBCgAAQAAAJAHAOABAAYTFgAAAAAAAAAAAEDAJQgGFyQAAgIgAAAAAAAAAAAAQCqZvBhA/d=1/exm=SNUn3,cEt90b,cdos,cr,csi,d,dtl0hd,eHDfl,hsm,jsa,mb4ZUb,qddgKe,sTsDMc/ed=1/dg=2/rs=ACT90oFLGiXSq3kKOHI2kenHGiCl7mtr1g/ee=AfeaP:TkrAjf;BMxAGc:E5bFse;BgS6mb:fidj5d;BjwMce:cXX2Wb;CxXAWb:YyRLvc;DULqB:RKfG5c;DpcR3d:zL72xf;EABSZ:MXZt9d;ESrPQc:mNTJvc;EVNhjf:pw70Gc;EmZ2Bf:zr1jrb;Erl4fe:FloWmf;F9mqte:UoRcbe;Fmv9Nc:O1Tzwc;G0KhTb:LIaoZ;G6wU6e:hezEbd;GleZL:J1A7Od;IoGlCf:b5lhvb;JXS8fb:Qj0suc;JsbNhc:Xd8iUd;K8vqCc:MyIcle;KQzWid:mB4wNe;KcokUb:KiuZBf;KpRAue:Tia57b;LBgRLc:SdcwHb,XVMNvd;LEikZe:byfTOb,lsjVmc;LsNahb:ucGLNb;Me32dd:MEeYgc;NPKaK:SdcwHb;NSEoX:lazG7b;Np8Qkd:Dpx6qc;Nyt6ic:jn2sGd;Oj465e:KG2eXe;Pjplud:EEDORb,PoEs9b;PqHfGe:im2cZe;Q1Ow7b:x5CSu;QGR0gd:Mlhmy;R2kc8b:ALJqWb;R4IIIb:QWfeKf;R9Ulx:CR7Ufe;SLtqO:Kh1xYe;SMDL4c:fTfGO,vjQg0b;SNUn3:ZwDk9d,x8cHvb;TxfV6d:YORN0b;U96pRd:FsR04;UDrY1c:eps46d;UVmjEd:EesRsb;UyG7Kb:wQd0G;V2HTTe:RolTY;VGRfx:VFqbr;VN6jIc:ddQyuf;VOcgDe:YquhTb;VxQ32b:k0XsBb;WCEKNd:I46Hvd;WDGyFe:jcVOxd;Wfmdue:g3MJlb;YV5bee:IvPZ6d;ZWEUA:afR4Cf;ZrFutb:W4Cdfc;a56pNe:JEfCwb;aAJE9c:WHW6Ef;aZ61od:arTwJ;bcPXSc:gSZLJb;cEt90b:ws9Tlc;cFTWae:gT8qnd;dIoSBb:ZgGg9b;dLlj2:Qqt3Gf;daB6be:lMxGPd;dtl0hd:lLQWFe;eBAeSb:Ck63tb;eBZ5Nd:audvde;eHDfl:ofjVkb;g8nkx:U4MzKc;gaub4:TN6bMe;gtVSi:ekUOYd;hK67qb:QWEO5b;hjRo6e:F62sG;iFQyKf:QIhFr,vfuNJf;imqimf:jKGL2e;io8t5d:sgY6Zb;jY0zg:Q6tNgc;kCQyJ:ueyPK;kMFpHd:OTA3Ae;kY7VAf:d91TEb;kbAm9d:MkHyGd;l8Azde:j4Ca9b;lkq0A:Z0MWEf;lzgfYb:PI40bd;nAFL3:NTMZac,s39S4;oGtAuc:sOXFj;oSUNyd:fTfGO,vjQg0b;oUlnpc:RagDlc;okUaUd:wItadb;pNsl2d:j9Yuyc;pXdRYb:JKoKVe,MdUzUe;pj82le:mg5CW;qGV2uc:HHi04c;qaS3gd:yiLg6e;qavrXe:mYbt1d,zQzcXe;qddgKe:d7YSfd,x4FYXe;rQSrae:C6D5Fc;sP4Vbe:VwDzFe;sTsDMc:kHVSUb;tH4IIe:Ymry6;tosKvd:ZCqP3;trZL0b:qY8PFe;uY49fb:COQbmf;uknmt:GkPrzb;uuQkY:u2V3ud;vfVwPd:OXTqFb;w3bZCb:ZPGaIb;w9w86d:dt4g2b;wQlYve:aLUfP;wR5FRb:O1Gjze,TtcOte;wV5Pjc:L8KGxe;whEZac:F4AmNb;xBbsrc:NEW1Qc;xbe2wc:wbTLEd;xqZiqf:wmnU7d;yGxLoc:FmAr0c;yxTchf:KUM7Z;z97YGf:oug9te;zOsCQe:Ko78Df;zxnPse:GkRiKb/m=DhPYme,EkevXb,GU4Gab,MpJwZc,NzU6V,UUJqVe,aa,abd,async,epYOx,loL8vb,ms4mZb,mu,pHXghd,q0xTif,s39S4,sOXFj,sb_wiz,sf?xjs=s1:15:1001

Dynamically enable window occlusion 1
[GFX1-]: RenderCompositorSWGL failed mapping default framebuffer, no dt
!!! error running onStopped callback: TypeError: callback is not a function
1692797017525	geckodriver	INFO	Listening on 127.0.0.1:51620
1692797020593	mozrunner::runner	INFO	Running command: "C:\\Program Files\\Mozilla Firefox\\firefox.exe" "--marionette" "User-Agent:Mozilla/5.0 (Windows NT 10.0; W ... debugging-port" "51621" "--remote-allow-hosts" "localhost" "-no-remote" "-profile" "C:\\Windows\\Temp\\rust_mozprofilepDFvXv"
console.warn: services.settings: Ignoring preference override of remote settings server
console.warn: services.settings: Allow by setting MOZ_REMOTE_SETTINGS_DEVTOOLS=1 in the environment
1692797021030	Marionette	INFO	Marionette enabled
Dynamically enable window occlusion 0
1692797021149	Marionette	INFO	Listening on port 51628
WebDriver BiDi listening on ws://127.0.0.1:51621
Read port: 51628
1692797021434	RemoteAgent	WARN	TLS certificate errors will be ignored for this session
DevTools listening on ws://127.0.0.1:51621/devtools/browser/76874544-dec0-4ccc-a17a-790385118fec
JavaScript warning: https://www.google.com/, line 20: Script terminated by timeout at:
m@https://www.google.com/:20:226

[GFX1-]: RenderCompositorSWGL failed mapping default framebuffer, no dt
1692797026060	Marionette	INFO	Stopped listening on port 51628
Dynamically enable window occlusion 1
1692797033471	geckodriver	INFO	Listening on 127.0.0.1:51666
1692797036560	mozrunner::runner	INFO	Running command: "C:\\Program Files\\Mozilla Firefox\\firefox.exe" "--marionette" "User-Agent=Mozilla/5.0 (Windows NT 10.0; W ... debugging-port" "51667" "--remote-allow-hosts" "localhost" "-no-remote" "-profile" "C:\\Windows\\Temp\\rust_mozprofile22KIjG"
console.warn: services.settings: Ignoring preference override of remote settings server
console.warn: services.settings: Allow by setting MOZ_REMOTE_SETTINGS_DEVTOOLS=1 in the environment
1692797037009	Marionette	INFO	Marionette enabled
Dynamically enable window occlusion 0
1692797037127	Marionette	INFO	Listening on port 51674
WebDriver BiDi listening on ws://127.0.0.1:51667
Read port: 51674
1692797037407	RemoteAgent	WARN	TLS certificate errors will be ignored for this session
DevTools listening on ws://127.0.0.1:51667/devtools/browser/7d0ccecf-120a-4e02-88fb-b1ed9e06b37a
1692797045284	Marionette	INFO	Stopped listening on port 51674
JavaScript warning: https://www.google.com/xjs/_/js/k=xjs.s.ru.yK_nMfbOMqc.O/am=CAAAAAAAAABAAABEA-EQwAYwQAAACAAAAAEAFAAAAACAgggBDAAEjzJJBkBAgBACCyAGxACAEkoAAAAAAAj7AQAAAAAAHAABAAAKATAgBCgAAQAAAJAHAOABAAYTFgAAAAAAAAAAAEDAJQgGFyQAAgIgAAAAAAAAAAAAQCqZvBhA/d=1/ed=1/dg=2/rs=ACT90oFdjSWPgUqF2fegeTKeR4TgBiGaIQ/ee=cEt90b:ws9Tlc;qddgKe:x4FYXe,d7YSfd;yxTchf:KUM7Z;dtl0hd:lLQWFe;eHDfl:ofjVkb;qaS3gd:yiLg6e;nAFL3:NTMZac,s39S4;oGtAuc:sOXFj;iFQyKf:vfuNJf,QIhFr;SNUn3:ZwDk9d,x8cHvb;io8t5d:sgY6Zb;Oj465e:KG2eXe,KG2eXe;Erl4fe:FloWmf,FloWmf;JsbNhc:Xd8iUd;sP4Vbe:VwDzFe;kMFpHd:OTA3Ae;uY49fb:COQbmf;Pjplud:PoEs9b,EEDORb;QGR0gd:Mlhmy;a56pNe:JEfCwb;Me32dd:MEeYgc;wR5FRb:TtcOte,O1Gjze;pXdRYb:JKoKVe,MdUzUe;dIoSBb:ZgGg9b;EmZ2Bf:zr1jrb;NSEoX:lazG7b;eBAeSb:Ck63tb;WCEKNd:I46Hvd;wV5Pjc:L8KGxe;EVNhjf:pw70Gc;sTsDMc:kHVSUb;wQlYve:aLUfP;zOsCQe:Ko78Df;KcokUb:KiuZBf;YV5bee:IvPZ6d;kbAm9d:MkHyGd;ZWEUA:afR4Cf;g8nkx:U4MzKc;lzgfYb:PI40bd;w9w86d:dt4g2b;GleZL:J1A7Od;bcPXSc:gSZLJb;JXS8fb:Qj0suc;IoGlCf:b5lhvb;vfVwPd:OXTqFb;ESrPQc:mNTJvc;qavrXe:zQzcXe,mYbt1d;VGRfx:VFqbr;BjwMce:cXX2Wb;pNsl2d:j9Yuyc;R9Ulx:CR7Ufe;kY7VAf:d91TEb;KpRAue:Tia57b;jY0zg:Q6tNgc;l8Azde:j4Ca9b;oSUNyd:fTfGO,fTfGO,vjQg0b;SMDL4c:fTfGO,vjQg0b;aZ61od:arTwJ;ZrFutb:W4Cdfc;K8vqCc:MyIcle;NPKaK:SdcwHb;LBgRLc:XVMNvd,SdcwHb;rQSrae:C6D5Fc;kCQyJ:ueyPK;KQzWid:mB4wNe;EABSZ:MXZt9d;TxfV6d:YORN0b;UDrY1c:eps46d;F9mqte:UoRcbe;Nyt6ic:jn2sGd;w3bZCb:ZPGaIb;G0KhTb:LIaoZ;aAJE9c:WHW6Ef;V2HTTe:RolTY;Wfmdue:g3MJlb;imqimf:jKGL2e;BgS6mb:fidj5d;UVmjEd:EesRsb;z97YGf:oug9te;AfeaP:TkrAjf;eBZ5Nd:audvde;CxXAWb:YyRLvc;VN6jIc:ddQyuf;SLtqO:Kh1xYe;tosKvd:ZCqP3;VOcgDe:YquhTb;uuQkY:u2V3ud;WDGyFe:jcVOxd;trZL0b:qY8PFe;VxQ32b:k0XsBb;DULqB:RKfG5c;Np8Qkd:Dpx6qc;cFTWae:gT8qnd;gaub4:TN6bMe;xBbsrc:NEW1Qc;DpcR3d:zL72xf;hjRo6e:F62sG;yGxLoc:FmAr0c;oUlnpc:RagDlc;R2kc8b:ALJqWb;pj82le:mg5CW;dLlj2:Qqt3Gf;qGV2uc:HHi04c;gtVSi:ekUOYd;UyG7Kb:wQd0G;LsNahb:ucGLNb;xbe2wc:wbTLEd;Q1Ow7b:x5CSu;okUaUd:wItadb;G6wU6e:hezEbd;uknmt:GkPrzb;PqHfGe:im2cZe;Fmv9Nc:O1Tzwc;hK67qb:QWEO5b;BMxAGc:E5bFse;R4IIIb:QWfeKf;whEZac:F4AmNb;tH4IIe:Ymry6;zxnPse:GkRiKb;xqZiqf:wmnU7d;lkq0A:Z0MWEf;daB6be:lMxGPd;U96pRd:FsR04;LEikZe:byfTOb,lsjVmc/m=cdos,cr,hsm,jsa,mb4ZUb,d,csi,cEt90b,SNUn3,qddgKe,sTsDMc,dtl0hd,eHDfl, line 655: Script terminated by timeout at:
kBa@https://www.google.com/xjs/_/js/k=xjs.s.ru.yK_nMfbOMqc.O/am=CAAAAAAAAABAAABEA-EQwAYwQAAACAAAAAEAFAAAAACAgggBDAAEjzJJBkBAgBACCyAGxACAEkoAAAAAAAj7AQAAAAAAHAABAAAKATAgBCgAAQAAAJAHAOABAAYTFgAAAAAAAAAAAEDAJQgGFyQAAgIgAAAAAAAAAAAAQCqZvBhA/d=1/ed=1/dg=2/rs=ACT90oFdjSWPgUqF2fegeTKeR4TgBiGaIQ/ee=cEt90b:ws9Tlc;qddgKe:x4FYXe,d7YSfd;yxTchf:KUM7Z;dtl0hd:lLQWFe;eHDfl:ofjVkb;qaS3gd:yiLg6e;nAFL3:NTMZac,s39S4;oGtAuc:sOXFj;iFQyKf:vfuNJf,QIhFr;SNUn3:ZwDk9d,x8cHvb;io8t5d:sgY6Zb;Oj465e:KG2eXe,KG2eXe;Erl4fe:FloWmf,FloWmf;JsbNhc:Xd8iUd;sP4Vbe:VwDzFe;kMFpHd:OTA3Ae;uY49fb:COQbmf;Pjplud:PoEs9b,EEDORb;QGR0gd:Mlhmy;a56pNe:JEfCwb;Me32dd:MEeYgc;wR5FRb:TtcOte,O1Gjze;pXdRYb:JKoKVe,MdUzUe;dIoSBb:ZgGg9b;EmZ2Bf:zr1jrb;NSEoX:lazG7b;eBAeSb:Ck63tb;WCEKNd:I46Hvd;wV5Pjc:L8KGxe;EVNhjf:pw70Gc;sTsDMc:kHVSUb;wQlYve:aLUfP;zOsCQe:Ko78Df;KcokUb:KiuZBf;YV5bee:IvPZ6d;kbAm9d:MkHyGd;ZWEUA:afR4Cf;g8nkx:U4MzKc;lzgfYb:PI40bd;w9w86d:dt4g2b;GleZL:J1A7Od;bcPXSc:gSZLJb;JXS8fb:Qj0suc;IoGlCf:b5lhvb;vfVwPd:OXTqFb;ESrPQc:mNTJvc;qavrXe:zQzcXe,mYbt1d;VGRfx:VFqbr;BjwMce:cXX2Wb;pNsl2d:j9Yuyc;R9Ulx:CR7Ufe;kY7VAf:d91TEb;KpRAue:Tia57b;jY0zg:Q6tNgc;l8Azde:j4Ca9b;oSUNyd:fTfGO,fTfGO,vjQg0b;SMDL4c:fTfGO,vjQg0b;aZ61od:arTwJ;ZrFutb:W4Cdfc;K8vqCc:MyIcle;NPKaK:SdcwHb;LBgRLc:XVMNvd,SdcwHb;rQSrae:C6D5Fc;kCQyJ:ueyPK;KQzWid:mB4wNe;EABSZ:MXZt9d;TxfV6d:YORN0b;UDrY1c:eps46d;F9mqte:UoRcbe;Nyt6ic:jn2sGd;w3bZCb:ZPGaIb;G0KhTb:LIaoZ;aAJE9c:WHW6Ef;V2HTTe:RolTY;Wfmdue:g3MJlb;imqimf:jKGL2e;BgS6mb:fidj5d;UVmjEd:EesRsb;z97YGf:oug9te;AfeaP:TkrAjf;eBZ5Nd:audvde;CxXAWb:YyRLvc;VN6jIc:ddQyuf;SLtqO:Kh1xYe;tosKvd:ZCqP3;VOcgDe:YquhTb;uuQkY:u2V3ud;WDGyFe:jcVOxd;trZL0b:qY8PFe;VxQ32b:k0XsBb;DULqB:RKfG5c;Np8Qkd:Dpx6qc;cFTWae:gT8qnd;gaub4:TN6bMe;xBbsrc:NEW1Qc;DpcR3d:zL72xf;hjRo6e:F62sG;yGxLoc:FmAr0c;oUlnpc:RagDlc;R2kc8b:ALJqWb;pj82le:mg5CW;dLlj2:Qqt3Gf;qGV2uc:HHi04c;gtVSi:ekUOYd;UyG7Kb:wQd0G;LsNahb:ucGLNb;xbe2wc:wbTLEd;Q1Ow7b:x5CSu;okUaUd:wItadb;G6wU6e:hezEbd;uknmt:GkPrzb;PqHfGe:im2cZe;Fmv9Nc:O1Tzwc;hK67qb:QWEO5b;BMxAGc:E5bFse;R4IIIb:QWfeKf;whEZac:F4AmNb;tH4IIe:Ymry6;zxnPse:GkRiKb;xqZiqf:wmnU7d;lkq0A:Z0MWEf;daB6be:lMxGPd;U96pRd:FsR04;LEikZe:byfTOb,lsjVmc/m=cdos,cr,hsm,jsa,mb4ZUb,d,csi,cEt90b,SNUn3,qddgKe,sTsDMc,dtl0hd,eHDfl:655:324
_.ce.prototype.hy@https://www.google.com/xjs/_/js/k=xjs.s.ru.yK_nMfbOMqc.O/am=CAAAAAAAAABAAABEA-EQwAYwQAAACAAAAAEAFAAAAACAgggBDAAEjzJJBkBAgBACCyAGxACAEkoAAAAAAAj7AQAAAAAAHAABAAAKATAgBCgAAQAAAJAHAOABAAYTFgAAAAAAAAAAAEDAJQgGFyQAAgIgAAAAAAAAAAAAQCqZvBhA/d=1/ed=1/dg=2/rs=ACT90oFdjSWPgUqF2fegeTKeR4TgBiGaIQ/ee=cEt90b:ws9Tlc;qddgKe:x4FYXe,d7YSfd;yxTchf:KUM7Z;dtl0hd:lLQWFe;eHDfl:ofjVkb;qaS3gd:yiLg6e;nAFL3:NTMZac,s39S4;oGtAuc:sOXFj;iFQyKf:vfuNJf,QIhFr;SNUn3:ZwDk9d,x8cHvb;io8t5d:sgY6Zb;Oj465e:KG2eXe,KG2eXe;Erl4fe:FloWmf,FloWmf;JsbNhc:Xd8iUd;sP4Vbe:VwDzFe;kMFpHd:OTA3Ae;uY49fb:COQbmf;Pjplud:PoEs9b,EEDORb;QGR0gd:Mlhmy;a56pNe:JEfCwb;Me32dd:MEeYgc;wR5FRb:TtcOte,O1Gjze;pXdRYb:JKoKVe,MdUzUe;dIoSBb:ZgGg9b;EmZ2Bf:zr1jrb;NSEoX:lazG7b;eBAeSb:Ck63tb;WCEKNd:I46Hvd;wV5Pjc:L8KGxe;EVNhjf:pw70Gc;sTsDMc:kHVSUb;wQlYve:aLUfP;zOsCQe:Ko78Df;KcokUb:KiuZBf;YV5bee:IvPZ6d;kbAm9d:MkHyGd;ZWEUA:afR4Cf;g8nkx:U4MzKc;lzgfYb:PI40bd;w9w86d:dt4g2b;GleZL:J1A7Od;bcPXSc:gSZLJb;JXS8fb:Qj0suc;IoGlCf:b5lhvb;vfVwPd:OXTqFb;ESrPQc:mNTJvc;qavrXe:zQzcXe,mYbt1d;VGRfx:VFqbr;BjwMce:cXX2Wb;pNsl2d:j9Yuyc;R9Ulx:CR7Ufe;kY7VAf:d91TEb;KpRAue:Tia57b;jY0zg:Q6tNgc;l8Azde:j4Ca9b;oSUNyd:fTfGO,fTfGO,vjQg0b;SMDL4c:fTfGO,vjQg0b;aZ61od:arTwJ;ZrFutb:W4Cdfc;K8vqCc:MyIcle;NPKaK:SdcwHb;LBgRLc:XVMNvd,SdcwHb;rQSrae:C6D5Fc;kCQyJ:ueyPK;KQzWid:mB4wNe;EABSZ:MXZt9d;TxfV6d:YORN0b;UDrY1c:eps46d;F9mqte:UoRcbe;Nyt6ic:jn2sGd;w3bZCb:ZPGaIb;G0KhTb:LIaoZ;aAJE9c:WHW6Ef;V2HTTe:RolTY;Wfmdue:g3MJlb;imqimf:jKGL2e;BgS6mb:fidj5d;UVmjEd:EesRsb;z97YGf:oug9te;AfeaP:TkrAjf;eBZ5Nd:audvde;CxXAWb:YyRLvc;VN6jIc:ddQyuf;SLtqO:Kh1xYe;tosKvd:ZCqP3;VOcgDe:YquhTb;uuQkY:u2V3ud;WDGyFe:jcVOxd;trZL0b:qY8PFe;VxQ32b:k0XsBb;DULqB:RKfG5c;Np8Qkd:Dpx6qc;cFTWae:gT8qnd;gaub4:TN6bMe;xBbsrc:NEW1Qc;DpcR3d:zL72xf;hjRo6e:F62sG;yGxLoc:FmAr0c;oUlnpc:RagDlc;R2kc8b:ALJqWb;pj82le:mg5CW;dLlj2:Qqt3Gf;qGV2uc:HHi04c;gtVSi:ekUOYd;UyG7Kb:wQd0G;LsNahb:ucGLNb;xbe2wc:wbTLEd;Q1Ow7b:x5CSu;okUaUd:wItadb;G6wU6e:hezEbd;uknmt:GkPrzb;PqHfGe:im2cZe;Fmv9Nc:O1Tzwc;hK67qb:QWEO5b;BMxAGc:E5bFse;R4IIIb:QWfeKf;whEZac:F4AmNb;tH4IIe:Ymry6;zxnPse:GkRiKb;xqZiqf:wmnU7d;lkq0A:Z0MWEf;daB6be:lMxGPd;U96pRd:FsR04;LEikZe:byfTOb,lsjVmc/m=cdos,cr,hsm,jsa,mb4ZUb,d,csi,cEt90b,SNUn3,qddgKe,sTsDMc,dtl0hd,eHDfl:673:54
DCq@https://www.google.com/xjs/_/js/k=xjs.s.ru.yK_nMfbOMqc.O/ck=xjs.s.HuW6EPr19TU.L.F4.O/am=CAAAAAAAAABAAABEA-EQwAYwQAAACAAAAAEAFAAAAACAgggBDAAEjzJJBkBAgBACCyAGxACAEkoAAAAAAAj7AQAAAAAAHAABAAAKATAgBCgAAQAAAJAHAOABAAYTFgAAAAAAAAAAAEDAJQgGFyQAAgIgAAAAAAAAAAAAQCqZvBhA/d=1/exm=SNUn3,cEt90b,cdos,cr,csi,d,dtl0hd,eHDfl,hsm,jsa,mb4ZUb,qddgKe,sTsDMc/ed=1/dg=2/rs=ACT90oHaiottyu8IE-cZi3h0bQeysVc0gQ/ee=AfeaP:TkrAjf;BMxAGc:E5bFse;BgS6mb:fidj5d;BjwMce:cXX2Wb;CxXAWb:YyRLvc;DULqB:RKfG5c;DpcR3d:zL72xf;EABSZ:MXZt9d;ESrPQc:mNTJvc;EVNhjf:pw70Gc;EmZ2Bf:zr1jrb;Erl4fe:FloWmf;F9mqte:UoRcbe;Fmv9Nc:O1Tzwc;G0KhTb:LIaoZ;G6wU6e:hezEbd;GleZL:J1A7Od;IoGlCf:b5lhvb;JXS8fb:Qj0suc;JsbNhc:Xd8iUd;K8vqCc:MyIcle;KQzWid:mB4wNe;KcokUb:KiuZBf;KpRAue:Tia57b;LBgRLc:SdcwHb,XVMNvd;LEikZe:byfTOb,lsjVmc;LsNahb:ucGLNb;Me32dd:MEeYgc;NPKaK:SdcwHb;NSEoX:lazG7b;Np8Qkd:Dpx6qc;Nyt6ic:jn2sGd;Oj465e:KG2eXe;Pjplud:EEDORb,PoEs9b;PqHfGe:im2cZe;Q1Ow7b:x5CSu;QGR0gd:Mlhmy;R2kc8b:ALJqWb;R4IIIb:QWfeKf;R9Ulx:CR7Ufe;SLtqO:Kh1xYe;SMDL4c:fTfGO,vjQg0b;SNUn3:ZwDk9d,x8cHvb;TxfV6d:YORN0b;U96pRd:FsR04;UDrY1c:eps46d;UVmjEd:EesRsb;UyG7Kb:wQd0G;V2HTTe:RolTY;VGRfx:VFqbr;VN6jIc:ddQyuf;VOcgDe:YquhTb;VxQ32b:k0XsBb;WCEKNd:I46Hvd;WDGyFe:jcVOxd;Wfmdue:g3MJlb;YV5bee:IvPZ6d;ZWEUA:afR4Cf;ZrFutb:W4Cdfc;a56pNe:JEfCwb;aAJE9c:WHW6Ef;aZ61od:arTwJ;bcPXSc:gSZLJb;cEt90b:ws9Tlc;cFTWae:gT8qnd;dIoSBb:ZgGg9b;dLlj2:Qqt3Gf;daB6be:lMxGPd;dtl0hd:lLQWFe;eBAeSb:Ck63tb;eBZ5Nd:audvde;eHDfl:ofjVkb;g8nkx:U4MzKc;gaub4:TN6bMe;gtVSi:ekUOYd;hK67qb:QWEO5b;hjRo6e:F62sG;iFQyKf:QIhFr,vfuNJf;imqimf:jKGL2e;io8t5d:sgY6Zb;jY0zg:Q6tNgc;kCQyJ:ueyPK;kMFpHd:OTA3Ae;kY7VAf:d91TEb;kbAm9d:MkHyGd;l8Azde:j4Ca9b;lkq0A:Z0MWEf;lzgfYb:PI40bd;nAFL3:NTMZac,s39S4;oGtAuc:sOXFj;oSUNyd:fTfGO,vjQg0b;oUlnpc:RagDlc;okUaUd:wItadb;pNsl2d:j9Yuyc;pXdRYb:JKoKVe,MdUzUe;pj82le:mg5CW;qGV2uc:HHi04c;qaS3gd:yiLg6e;qavrXe:mYbt1d,zQzcXe;qddgKe:d7YSfd,x4FYXe;rQSrae:C6D5Fc;sP4Vbe:VwDzFe;sTsDMc:kHVSUb;tH4IIe:Ymry6;tosKvd:ZCqP3;trZL0b:qY8PFe;uY49fb:COQbmf;uknmt:GkPrzb;uuQkY:u2V3ud;vfVwPd:OXTqFb;w3bZCb:ZPGaIb;w9w86d:dt4g2b;wQlYve:aLUfP;wR5FRb:O1Gjze,TtcOte;wV5Pjc:L8KGxe;whEZac:F4AmNb;xBbsrc:NEW1Qc;xbe2wc:wbTLEd;xqZiqf:wmnU7d;yGxLoc:FmAr0c;yxTchf:KUM7Z;z97YGf:oug9te;zOsCQe:Ko78Df;zxnPse:GkRiKb/m=DhPYme,EkevXb,GU4Gab,MpJwZc,NzU6V,UUJqVe,aa,abd,async,epYOx,loL8vb,ms4mZb,mu,pHXghd,q0xTif,s39S4,sOXFj,sb_wiz,sf?xjs=s1:16:77
ECq/<@https://www.google.com/xjs/_/js/k=xjs.s.ru.yK_nMfbOMqc.O/ck=xjs.s.HuW6EPr19TU.L.F4.O/am=CAAAAAAAAABAAABEA-EQwAYwQAAACAAAAAEAFAAAAACAgggBDAAEjzJJBkBAgBACCyAGxACAEkoAAAAAAAj7AQAAAAAAHAABAAAKATAgBCgAAQAAAJAHAOABAAYTFgAAAAAAAAAAAEDAJQgGFyQAAgIgAAAAAAAAAAAAQCqZvBhA/d=1/exm=SNUn3,cEt90b,cdos,cr,csi,d,dtl0hd,eHDfl,hsm,jsa,mb4ZUb,qddgKe,sTsDMc/ed=1/dg=2/rs=ACT90oHaiottyu8IE-cZi3h0bQeysVc0gQ/ee=AfeaP:TkrAjf;BMxAGc:E5bFse;BgS6mb:fidj5d;BjwMce:cXX2Wb;CxXAWb:YyRLvc;DULqB:RKfG5c;DpcR3d:zL72xf;EABSZ:MXZt9d;ESrPQc:mNTJvc;EVNhjf:pw70Gc;EmZ2Bf:zr1jrb;Erl4fe:FloWmf;F9mqte:UoRcbe;Fmv9Nc:O1Tzwc;G0KhTb:LIaoZ;G6wU6e:hezEbd;GleZL:J1A7Od;IoGlCf:b5lhvb;JXS8fb:Qj0suc;JsbNhc:Xd8iUd;K8vqCc:MyIcle;KQzWid:mB4wNe;KcokUb:KiuZBf;KpRAue:Tia57b;LBgRLc:SdcwHb,XVMNvd;LEikZe:byfTOb,lsjVmc;LsNahb:ucGLNb;Me32dd:MEeYgc;NPKaK:SdcwHb;NSEoX:lazG7b;Np8Qkd:Dpx6qc;Nyt6ic:jn2sGd;Oj465e:KG2eXe;Pjplud:EEDORb,PoEs9b;PqHfGe:im2cZe;Q1Ow7b:x5CSu;QGR0gd:Mlhmy;R2kc8b:ALJqWb;R4IIIb:QWfeKf;R9Ulx:CR7Ufe;SLtqO:Kh1xYe;SMDL4c:fTfGO,vjQg0b;SNUn3:ZwDk9d,x8cHvb;TxfV6d:YORN0b;U96pRd:FsR04;UDrY1c:eps46d;UVmjEd:EesRsb;UyG7Kb:wQd0G;V2HTTe:RolTY;VGRfx:VFqbr;VN6jIc:ddQyuf;VOcgDe:YquhTb;VxQ32b:k0XsBb;WCEKNd:I46Hvd;WDGyFe:jcVOxd;Wfmdue:g3MJlb;YV5bee:IvPZ6d;ZWEUA:afR4Cf;ZrFutb:W4Cdfc;a56pNe:JEfCwb;aAJE9c:WHW6Ef;aZ61od:arTwJ;bcPXSc:gSZLJb;cEt90b:ws9Tlc;cFTWae:gT8qnd;dIoSBb:ZgGg9b;dLlj2:Qqt3Gf;daB6be:lMxGPd;dtl0hd:lLQWFe;eBAeSb:Ck63tb;eBZ5Nd:audvde;eHDfl:ofjVkb;g8nkx:U4MzKc;gaub4:TN6bMe;gtVSi:ekUOYd;hK67qb:QWEO5b;hjRo6e:F62sG;iFQyKf:QIhFr,vfuNJf;imqimf:jKGL2e;io8t5d:sgY6Zb;jY0zg:Q6tNgc;kCQyJ:ueyPK;kMFpHd:OTA3Ae;kY7VAf:d91TEb;kbAm9d:MkHyGd;l8Azde:j4Ca9b;lkq0A:Z0MWEf;lzgfYb:PI40bd;nAFL3:NTMZac,s39S4;oGtAuc:sOXFj;oSUNyd:fTfGO,vjQg0b;oUlnpc:RagDlc;okUaUd:wItadb;pNsl2d:j9Yuyc;pXdRYb:JKoKVe,MdUzUe;pj82le:mg5CW;qGV2uc:HHi04c;qaS3gd:yiLg6e;qavrXe:mYbt1d,zQzcXe;qddgKe:d7YSfd,x4FYXe;rQSrae:C6D5Fc;sP4Vbe:VwDzFe;sTsDMc:kHVSUb;tH4IIe:Ymry6;tosKvd:ZCqP3;trZL0b:qY8PFe;uY49fb:COQbmf;uknmt:GkPrzb;uuQkY:u2V3ud;vfVwPd:OXTqFb;w3bZCb:ZPGaIb;w9w86d:dt4g2b;wQlYve:aLUfP;wR5FRb:O1Gjze,TtcOte;wV5Pjc:L8KGxe;whEZac:F4AmNb;xBbsrc:NEW1Qc;xbe2wc:wbTLEd;xqZiqf:wmnU7d;yGxLoc:FmAr0c;yxTchf:KUM7Z;z97YGf:oug9te;zOsCQe:Ko78Df;zxnPse:GkRiKb/m=DhPYme,EkevXb,GU4Gab,MpJwZc,NzU6V,UUJqVe,aa,abd,async,epYOx,loL8vb,ms4mZb,mu,pHXghd,q0xTif,s39S4,sOXFj,sb_wiz,sf?xjs=s1:15:1001

Dynamically enable window occlusion 1
1692797059499	geckodriver	INFO	Listening on 127.0.0.1:51717
1692797062564	mozrunner::runner	INFO	Running command: "C:\\Program Files\\Mozilla Firefox\\firefox.exe" "--marionette" "User-Agent=\"Mozilla/5.0 (Windows NT 10.0; ... debugging-port" "51718" "--remote-allow-hosts" "localhost" "-no-remote" "-profile" "C:\\Windows\\Temp\\rust_mozprofilePqxPZE"
console.warn: services.settings: Ignoring preference override of remote settings server
console.warn: services.settings: Allow by setting MOZ_REMOTE_SETTINGS_DEVTOOLS=1 in the environment
1692797063022	Marionette	INFO	Marionette enabled
Dynamically enable window occlusion 0
JavaScript error: resource://gre/modules/URIFixup.sys.mjs, line 456: NS_ERROR_MALFORMED_URI: Couldn't build a valid uri
console.error: ({})
1692797063149	Marionette	INFO	Listening on port 51725
WebDriver BiDi listening on ws://127.0.0.1:51718
Read port: 51725
1692797063402	RemoteAgent	WARN	TLS certificate errors will be ignored for this session
DevTools listening on ws://127.0.0.1:51718/devtools/browser/7eea1665-cf9d-4bf6-a56f-db13fb670edd
1692797071159	Marionette	INFO	Stopped listening on port 51725
Dynamically enable window occlusion 1
[GFX1-]: RenderCompositorSWGL failed mapping default framebuffer, no dt
JavaScript error: , line 0: NotFoundError: No such JSWindowActor 'DevToolsFrame'
1692797077371	geckodriver	INFO	Listening on 127.0.0.1:51794
1692797080433	mozrunner::runner	INFO	Running command: "C:\\Program Files\\Mozilla Firefox\\firefox.exe" "--marionette" "User-Agent=\"Mozilla/5.0 (Windows NT 10.0; ... debugging-port" "51795" "--remote-allow-hosts" "localhost" "-no-remote" "-profile" "C:\\Windows\\Temp\\rust_mozprofileMuzhzz"
console.warn: services.settings: Ignoring preference override of remote settings server
console.warn: services.settings: Allow by setting MOZ_REMOTE_SETTINGS_DEVTOOLS=1 in the environment
1692797080894	Marionette	INFO	Marionette enabled
Dynamically enable window occlusion 0
JavaScript error: resource://gre/modules/URIFixup.sys.mjs, line 456: NS_ERROR_MALFORMED_URI: Couldn't build a valid uri
console.error: ({})
1692797081021	Marionette	INFO	Listening on port 51802
WebDriver BiDi listening on ws://127.0.0.1:51795
Read port: 51802
1692797081300	RemoteAgent	WARN	TLS certificate errors will be ignored for this session
DevTools listening on ws://127.0.0.1:51795/devtools/browser/d2ca9156-5a19-472e-b8c2-62d0f1919da2
1692797094201	Marionette	INFO	Stopped listening on port 51802
Dynamically enable window occlusion 1
[GFX1-]: RenderCompositorSWGL failed mapping default framebuffer, no dt
JavaScript error: , line 0: NotFoundError: No such JSWindowActor 'DevToolsFrame'
1692797098749	geckodriver	INFO	Listening on 127.0.0.1:51843
1692797101835	mozrunner::runner	INFO	Running command: "C:\\Program Files\\Mozilla Firefox\\firefox.exe" "--marionette" "User-Agent=\"Mozilla/5.0 (Windows NT 10.0; ... debugging-port" "51844" "--remote-allow-hosts" "localhost" "-no-remote" "-profile" "C:\\Windows\\Temp\\rust_mozprofilegCtkk4"
console.warn: services.settings: Ignoring preference override of remote settings server
console.warn: services.settings: Allow by setting MOZ_REMOTE_SETTINGS_DEVTOOLS=1 in the environment
1692797102291	Marionette	INFO	Marionette enabled
Dynamically enable window occlusion 0
JavaScript error: resource://gre/modules/URIFixup.sys.mjs, line 456: NS_ERROR_MALFORMED_URI: Couldn't build a valid uri
console.error: ({})
1692797102403	Marionette	INFO	Listening on port 51851
WebDriver BiDi listening on ws://127.0.0.1:51844
Read port: 51851
1692797102719	RemoteAgent	WARN	TLS certificate errors will be ignored for this session
DevTools listening on ws://127.0.0.1:51844/devtools/browser/58873031-64bc-428c-912c-a07047c1ac58
1692797115600	Marionette	INFO	Stopped listening on port 51851
Dynamically enable window occlusion 1
[GFX1-]: RenderCompositorSWGL failed mapping default framebuffer, no dt
JavaScript error: , line 0: NotFoundError: No such JSWindowActor 'DevToolsFrame'
1692797143358	geckodriver	INFO	Listening on 127.0.0.1:51926
1692797146420	mozrunner::runner	INFO	Running command: "C:\\Program Files\\Mozilla Firefox\\firefox.exe" "--marionette" "User-Agent=\"Mozilla/5.0 (Windows NT 10.0; ... debugging-port" "51927" "--remote-allow-hosts" "localhost" "-no-remote" "-profile" "C:\\Windows\\Temp\\rust_mozprofile64scnu"
console.warn: services.settings: Ignoring preference override of remote settings server
console.warn: services.settings: Allow by setting MOZ_REMOTE_SETTINGS_DEVTOOLS=1 in the environment
1692797146856	Marionette	INFO	Marionette enabled
Dynamically enable window occlusion 0
JavaScript error: resource://gre/modules/URIFixup.sys.mjs, line 456: NS_ERROR_MALFORMED_URI: Couldn't build a valid uri
console.error: ({})
1692797146967	Marionette	INFO	Listening on port 51934
Read port: 51934
WebDriver BiDi listening on ws://127.0.0.1:51927
1692797147058	RemoteAgent	WARN	TLS certificate errors will be ignored for this session
DevTools listening on ws://127.0.0.1:51927/devtools/browser/e0c2baa4-1032-4a62-b55e-a08bc5583d57
JavaScript error: https://whatmyuseragent.com/, line 167: ReferenceError: displaycookieconsent is not defined
1692797179552	geckodriver	INFO	Listening on 127.0.0.1:51987
1692797182626	mozrunner::runner	INFO	Running command: "C:\\Program Files\\Mozilla Firefox\\firefox.exe" "--marionette" "User-Agent:\"Mozilla/5.0 (Windows NT 10.0; ... debugging-port" "51988" "--remote-allow-hosts" "localhost" "-no-remote" "-profile" "C:\\Windows\\Temp\\rust_mozprofileeuiSrh"
console.warn: services.settings: Ignoring preference override of remote settings server
console.warn: services.settings: Allow by setting MOZ_REMOTE_SETTINGS_DEVTOOLS=1 in the environment
1692797183067	Marionette	INFO	Marionette enabled
Dynamically enable window occlusion 0
1692797183183	Marionette	INFO	Listening on port 51996
WebDriver BiDi listening on ws://127.0.0.1:51988
Read port: 51996
1692797183442	RemoteAgent	WARN	TLS certificate errors will be ignored for this session
DevTools listening on ws://127.0.0.1:51988/devtools/browser/d06919fa-bc94-4830-b7e3-8b744438529c
JavaScript error: https://whatmyuseragent.com/, line 167: ReferenceError: displaycookieconsent is not defined
[GFX1-]: RenderCompositorSWGL failed mapping default framebuffer, no dt
JavaScript warning: https://www.googletagmanager.com/gtag/js?id=G-Z9VC12D3Q7, line 325: Script terminated by timeout at:
rp@https://www.googletagmanager.com/gtag/js?id=G-Z9VC12D3Q7:325:968
ED@https://www.googletagmanager.com/gtag/js?id=G-Z9VC12D3Q7:448:290
aa.gm@https://www.googletagmanager.com/gtag/js?id=G-Z9VC12D3Q7:480:392
aa.fm/k/<@https://www.googletagmanager.com/gtag/js?id=G-Z9VC12D3Q7:479:494
Ij@https://www.googletagmanager.com/gtag/js?id=G-Z9VC12D3Q7:245:221
Uj@https://www.googletagmanager.com/gtag/js?id=G-Z9VC12D3Q7:247:349
k@https://www.googletagmanager.com/gtag/js?id=G-Z9VC12D3Q7:479:480
c@https://www.googletagmanager.com/gtag/js?id=G-Z9VC12D3Q7:289:169
on@https://www.googletagmanager.com/gtag/js?id=G-Z9VC12D3Q7:290:269
aa.fm@https://www.googletagmanager.com/gtag/js?id=G-Z9VC12D3Q7:480:13
c@https://www.googletagmanager.com/gtag/js?id=G-Z9VC12D3Q7:499:694
Xv@https://www.googletagmanager.com/gtag/js?id=G-Z9VC12D3Q7:367:298
Wv.prototype.flush@https://www.googletagmanager.com/gtag/js?id=G-Z9VC12D3Q7:370:266
Wv.prototype.push@https://www.googletagmanager.com/gtag/js?id=G-Z9VC12D3Q7:368:207
Pv@https://www.googletagmanager.com/gtag/js?id=G-Z9VC12D3Q7:365:712
fF/<@https://www.googletagmanager.com/gtag/js?id=G-Z9VC12D3Q7:500:153
aa.uk/<@https://www.googletagmanager.com/gtag/js?id=G-Z9VC12D3Q7:451:126
aa.uk/c/<@https://www.googletagmanager.com/gtag/js?id=G-Z9VC12D3Q7:450:420

1692797192141	Marionette	INFO	Stopped listening on port 51996
Dynamically enable window occlusion 1
1692797228228	geckodriver	INFO	Listening on 127.0.0.1:52044
1692797231311	mozrunner::runner	INFO	Running command: "C:\\Program Files\\Mozilla Firefox\\firefox.exe" "--marionette" "user-agent=Mozilla/5.0 (Windows NT 10.0; W ... debugging-port" "52045" "--remote-allow-hosts" "localhost" "-no-remote" "-profile" "C:\\Windows\\Temp\\rust_mozprofilePJY8t3"
console.warn: services.settings: Ignoring preference override of remote settings server
console.warn: services.settings: Allow by setting MOZ_REMOTE_SETTINGS_DEVTOOLS=1 in the environment
1692797231733	Marionette	INFO	Marionette enabled
Dynamically enable window occlusion 0
1692797231822	Marionette	INFO	Listening on port 52053
WebDriver BiDi listening on ws://127.0.0.1:52045
Read port: 52053
1692797232069	RemoteAgent	WARN	TLS certificate errors will be ignored for this session
DevTools listening on ws://127.0.0.1:52045/devtools/browser/ad48d452-d8ae-4afe-b8ad-936a3e8243a8
JavaScript error: https://whatmyuseragent.com/, line 167: ReferenceError: displaycookieconsent is not defined
1692797246132	geckodriver	INFO	Listening on 127.0.0.1:52096
1692797249185	mozrunner::runner	INFO	Running command: "C:\\Program Files\\Mozilla Firefox\\firefox.exe" "--marionette" "user-agent=dfesdvasertg" "--remote-debugging-port" "52097" "--remote-allow-hosts" "localhost" "-no-remote" "-profile" "C:\\Windows\\Temp\\rust_mozprofilewFP0se"
console.warn: services.settings: Ignoring preference override of remote settings server
console.warn: services.settings: Allow by setting MOZ_REMOTE_SETTINGS_DEVTOOLS=1 in the environment
1692797249612	Marionette	INFO	Marionette enabled
Dynamically enable window occlusion 0
1692797249702	Marionette	INFO	Listening on port 52104
WebDriver BiDi listening on ws://127.0.0.1:52097
Read port: 52104
1692797249926	RemoteAgent	WARN	TLS certificate errors will be ignored for this session
DevTools listening on ws://127.0.0.1:52097/devtools/browser/a8b385fc-6cca-40f6-abec-35c467031e05
JavaScript error: https://whatmyuseragent.com/, line 167: ReferenceError: displaycookieconsent is not defined
JavaScript warning: https://www.googletagmanager.com/gtag/js?id=G-Z9VC12D3Q7, line 452: Script terminated by timeout at:
aa.mh@https://www.googletagmanager.com/gtag/js?id=G-Z9VC12D3Q7:452:89
get@https://www.googletagmanager.com/gtag/js?id=G-Z9VC12D3Q7:450:119
stop@https://www.googletagmanager.com/gtag/js?id=G-Z9VC12D3Q7:450:87
aa.uk/c/<@https://www.googletagmanager.com/gtag/js?id=G-Z9VC12D3Q7:450:412

[GFX1-]: RenderCompositorSWGL failed mapping default framebuffer, no dt
JavaScript warning: https://livetrafficfeed.com/static/3d-maps/feed.html?o=000080&l=339966&b=008000&c=ff0000&root=0&timezone=America%2FNew_York&s=250&cookie_id=&clientwidth=1920&clientheight=1080&h=https%3A%2F%2Fwhatmyuseragent.com%2F&t=What%27s%20My%20User%20Agent%3F&r=, line 1: Script terminated by timeout at:
r@https://livetrafficfeed.com/static/3d-maps/feed.html?o=000080&l=339966&b=008000&c=ff0000&root=0&timezone=America%2FNew_York&s=250&cookie_id=&clientwidth=1920&clientheight=1080&h=https%3A%2F%2Fwhatmyuseragent.com%2F&t=What%27s%20My%20User%20Agent%3F&r=:1:21115
t/</<@https://livetrafficfeed.com/static/3d-maps/feed.html?o=000080&l=339966&b=008000&c=ff0000&root=0&timezone=America%2FNew_York&s=250&cookie_id=&clientwidth=1920&clientheight=1080&h=https%3A%2F%2Fwhatmyuseragent.com%2F&t=What%27s%20My%20User%20Agent%3F&r=:1:22048
c@https://livetrafficfeed.com/static/3d-maps/feed.html?o=000080&l=339966&b=008000&c=ff0000&root=0&timezone=America%2FNew_York&s=250&cookie_id=&clientwidth=1920&clientheight=1080&h=https%3A%2F%2Fwhatmyuseragent.com%2F&t=What%27s%20My%20User%20Agent%3F&r=:1:14190
lineEnd@https://livetrafficfeed.com/static/3d-maps/feed.html?o=000080&l=339966&b=008000&c=ff0000&root=0&timezone=America%2FNew_York&s=250&cookie_id=&clientwidth=1920&clientheight=1080&h=https%3A%2F%2Fwhatmyuseragent.com%2F&t=What%27s%20My%20User%20Agent%3F&r=:1:22738
bn@https://livetrafficfeed.com/static/3d-maps/feed.html?o=000080&l=339966&b=008000&c=ff0000&root=0&timezone=America%2FNew_York&s=250&cookie_id=&clientwidth=1920&clientheight=1080&h=https%3A%2F%2Fwhatmyuseragent.com%2F&t=What%27s%20My%20User%20Agent%3F&r=:1:10742
wn@https://livetrafficfeed.com/static/3d-maps/feed.html?o=000080&l=339966&b=008000&c=ff0000&root=0&timezone=America%2FNew_York&s=250&cookie_id=&clientwidth=1920&clientheight=1080&h=https%3A%2F%2Fwhatmyuseragent.com%2F&t=What%27s%20My%20User%20Agent%3F&r=:1:10819
Polygon@https://livetrafficfeed.com/static/3d-maps/feed.html?o=000080&l=339966&b=008000&c=ff0000&root=0&timezone=America%2FNew_York&s=250&cookie_id=&clientwidth=1920&clientheight=1080&h=https%3A%2F%2Fwhatmyuseragent.com%2F&t=What%27s%20My%20User%20Agent%3F&r=:1:77653
_n@https://livetrafficfeed.com/static/3d-maps/feed.html?o=000080&l=339966&b=008000&c=ff0000&root=0&timezone=America%2FNew_York&s=250&cookie_id=&clientwidth=1920&clientheight=1080&h=https%3A%2F%2Fwhatmyuseragent.com%2F&t=What%27s%20My%20User%20Agent%3F&r=:1:10635
d3</xo.geo.stream@https://livetrafficfeed.com/static/3d-maps/feed.html?o=000080&l=339966&b=008000&c=ff0000&root=0&timezone=America%2FNew_York&s=250&cookie_id=&clientwidth=1920&clientheight=1080&h=https%3A%2F%2Fwhatmyuseragent.com%2F&t=What%27s%20My%20User%20Agent%3F&r=:1:77133
t@https://livetrafficfeed.com/static/3d-maps/feed.html?o=000080&l=339966&b=008000&c=ff0000&root=0&timezone=America%2FNew_York&s=250&cookie_id=&clientwidth=1920&clientheight=1080&h=https%3A%2F%2Fwhatmyuseragent.com%2F&t=What%27s%20My%20User%20Agent%3F&r=:1:83870
y.plugins.pings/</</</</<@https://livetrafficfeed.com/static/3d-maps/feed.html?o=000080&l=339966&b=008000&c=ff0000&root=0&timezone=America%2FNew_York&s=250&cookie_id=&clientwidth=1920&clientheight=1080&h=https%3A%2F%2Fwhatmyuseragent.com%2F&t=What%27s%20My%20User%20Agent%3F&r=:1:155371
y.plugins.pings/</</</<@https://livetrafficfeed.com/static/3d-maps/feed.html?o=000080&l=339966&b=008000&c=ff0000&root=0&timezone=America%2FNew_York&s=250&cookie_id=&clientwidth=1920&clientheight=1080&h=https%3A%2F%2Fwhatmyuseragent.com%2F&t=What%27s%20My%20User%20Agent%3F&r=:1:155386
y.plugins.pings/</</<@https://livetrafficfeed.com/static/3d-maps/feed.html?o=000080&l=339966&b=008000&c=ff0000&root=0&timezone=America%2FNew_York&s=250&cookie_id=&clientwidth=1920&clientheight=1080&h=https%3A%2F%2Fwhatmyuseragent.com%2F&t=What%27s%20My%20User%20Agent%3F&r=:1:155401
withSavedContext@https://livetrafficfeed.com/static/3d-maps/feed.html?o=000080&l=339966&b=008000&c=ff0000&root=0&timezone=America%2FNew_York&s=250&cookie_id=&clientwidth=1920&clientheight=1080&h=https%3A%2F%2Fwhatmyuseragent.com%2F&t=What%27s%20My%20User%20Agent%3F&r=:1:153063
y.plugins.pings/</<@https://livetrafficfeed.com/static/3d-maps/feed.html?o=000080&l=339966&b=008000&c=ff0000&root=0&timezone=America%2FNew_York&s=250&cookie_id=&clientwidth=1920&clientheight=1080&h=https%3A%2F%2Fwhatmyuseragent.com%2F&t=What%27s%20My%20User%20Agent%3F&r=:1:155004
g/<@https://livetrafficfeed.com/static/3d-maps/feed.html?o=000080&l=339966&b=008000&c=ff0000&root=0&timezone=America%2FNew_York&s=250&cookie_id=&clientwidth=1920&clientheight=1080&h=https%3A%2F%2Fwhatmyuseragent.com%2F&t=What%27s%20My%20User%20Agent%3F&r=:1:152158
dn@https://livetrafficfeed.com/static/3d-maps/feed.html?o=000080&l=339966&b=008000&c=ff0000&root=0&timezone=America%2FNew_York&s=250&cookie_id=&clientwidth=1920&clientheight=1080&h=https%3A%2F%2Fwhatmyuseragent.com%2F&t=What%27s%20My%20User%20Agent%3F&r=:1:10284
gn@https://livetrafficfeed.com/static/3d-maps/feed.html?o=000080&l=339966&b=008000&c=ff0000&root=0&timezone=America%2FNew_York&s=250&cookie_id=&clientwidth=1920&clientheight=1080&h=https%3A%2F%2Fwhatmyuseragent.com%2F&t=What%27s%20My%20User%20Agent%3F&r=:1:10129

1692797256853	Marionette	INFO	Stopped listening on port 52104
Dynamically enable window occlusion 1
1692797264326	geckodriver	INFO	Listening on 127.0.0.1:52150
1692797267384	mozrunner::runner	INFO	Running command: "C:\\Program Files\\Mozilla Firefox\\firefox.exe" "--marionette" "user-agent=\"dfesdvasertg\"" "--remote-debugging-port" "52151" "--remote-allow-hosts" "localhost" "-no-remote" "-profile" "C:\\Windows\\Temp\\rust_mozprofile5S39XY"
console.warn: services.settings: Ignoring preference override of remote settings server
console.warn: services.settings: Allow by setting MOZ_REMOTE_SETTINGS_DEVTOOLS=1 in the environment
1692797267825	Marionette	INFO	Marionette enabled
Dynamically enable window occlusion 0
JavaScript error: resource://gre/modules/URIFixup.sys.mjs, line 456: NS_ERROR_MALFORMED_URI: Couldn't build a valid uri
console.error: ({})
1692797267925	Marionette	INFO	Listening on port 52158
Read port: 52158
WebDriver BiDi listening on ws://127.0.0.1:52151
1692797268015	RemoteAgent	WARN	TLS certificate errors will be ignored for this session
DevTools listening on ws://127.0.0.1:52151/devtools/browser/92eb499f-6e58-4016-9c4c-a83ba20a8e64
JavaScript error: https://whatmyuseragent.com/, line 167: ReferenceError: displaycookieconsent is not defined
JavaScript warning: https://pagead2.googlesyndication.com/bg/aZrQl3reHFLrXxIU5jTX67bfpJTGr0dfi-1qyyEVSZQ.js line 2 > eval line 5984 > eval line 1 > eval line 1 > eval, line 1: WEBGL_debug_renderer_info is deprecated in Firefox and will be removed. Please use RENDERER.
1692797382702	Marionette	WARN	Ignoring event 'pageshow' because document has an invalid readyState of 'uninitialized'.
